<?xml version="1.0" encoding="UTF-8"?>
<!-- Generated by org.testng.reporters.JUnitReportReporter -->
<testsuite hostname="DESKTOP-N1NG7JA" failures="0" tests="1" name="package1.ContactTest" time="0.023" errors="0" timestamp="2024-06-29T21:12:28 IST" skipped="0">
  <testcase classname="package1.ContactTest" name="modifyContactTest" time="0.023"/>
  <system-out/>
</testsuite> <!-- package1.ContactTest -->
